{"level":"error","message":"This is an error message"}
{"level":"error","message":"This is an error message"}
{"level":"error","message":"This is an error message"}
{"level":"error","message":"This is an error message"}
{"level":"error","message":"This is an error message","service":"user-service"}
{"level":"error","message":"This is an error message","service":"user-service"}
{"level":"error","message":"This is an error message","service":"user-service"}
{"level":"error","message":"This is an error message","service":"user-service"}
{"level":"error","message":"This is an error message","service":"user-service"}
{"level":"error","message":"This is an error message","service":"user-service"}
{"level":"error","message":"This is an error message","service":"user-service"}
{"level":"error","message":"This is an error message","service":"user-service"}
{"level":"error","message":"This is an error message","service":"user-service"}
{"level":"error","message":"This is an error message","service":"user-service"}
{"level":"error","message":"This is an error message","service":"user-service"}
{"level":"error","message":"This is an error message","service":"user-service"}
{"level":"error","message":"This is an error message","service":"user-service","timestamp":"2026-04-27T18:40:20.919Z"}
{"level":"error","message":"This is an error message","service":"user-service","timestamp":"2026-04-27T18:40:44.523Z"}
{"level":"error","message":"This is an error message","service":"user-service","timestamp":"2026-04-27T18:42:57.744Z"}
{"level":"error","message":"This is an error message","service":"user-service","timestamp":"2026-04-27T18:43:29.554Z"}
{"level":"error","message":"This is an error message","service":"user-service","timestamp":"2026-04-27T18:44:06.450Z"}
{"level":"error","message":"This is an error message","service":"user-service","timestamp":"2026-04-27T18:44:09.604Z"}
{"level":"error","message":"This is an error message","service":"user-service","timestamp":"2026-04-27T18:47:41.352Z"}
{"level":"error","message":"This is an error message","service":"user-service","timestamp":"2026-04-27T18:50:11.399Z"}
{"level":"error","message":"This is an error message","service":"user-service","timestamp":"2026-04-27T18:50:13.731Z"}
{"level":"error","message":"This is an error message","service":"user-service","timestamp":"2026-04-27T18:50:17.420Z"}
{"level":"error","message":"This is an error message","service":"user-service","timestamp":"2026-04-27T18:50:19.185Z"}
{"level":"error","message":"This is an error message","service":"user-service","timestamp":"2026-04-27T18:50:28.633Z"}
{"level":"error","message":"This is an error message","service":"user-service","timestamp":"2026-04-27T18:51:02.692Z"}
{"level":"error","message":"This is an error message","service":"user-service","timestamp":"2026-04-27T19:48:26.935Z"}
{"level":"error","message":"This is an error message","service":"user-service","timestamp":"2026-04-27T19:48:31.588Z"}
{"level":"error","message":"This is an error message","service":"user-service","timestamp":"2026-04-27T19:48:33.250Z"}
{"level":"error","message":"This is an error message","service":"user-service","timestamp":"2026-04-27T19:49:00.518Z"}
{"level":"error","message":"This is an error message","service":"user-service","timestamp":"2026-04-27T19:49:08.559Z"}
{"level":"error","message":"This is an error message","service":"user-service","timestamp":"2026-04-27T19:49:20.289Z"}
{"level":"error","message":"This is an error message","service":"user-service","timestamp":"2026-04-27T19:49:41.285Z"}
{"level":"error","message":"This is an error message","service":"user-service","timestamp":"2026-04-27T19:52:54.587Z"}
{"level":"error","message":"This is an error message","service":"user-service","timestamp":"2026-04-27T19:55:01.952Z"}
{"level":"error","message":"Error while reading the stream of file %s, $o","service":"user-service","timestamp":"2026-04-30T18:38:33.274Z"}
{"code":"ENOENT","errno":-4058,"level":"error","path":"C:\\Users\\fouad\\Desktop\\Coding\\se2.dev\\se2.dev_ts\\src\\data\\Cake orders.csv","service":"user-service","syscall":"open","timestamp":"2026-04-30T18:38:33.279Z"}
